0 info it worked if it ends with ok
1 verbose cli [ 'node', '/usr/local/bin/npm', 'install' ]
2 info using npm@1.4.28
3 info using node@v0.10.36
4 warn package.json myapp2@1.0.0 No repository field.
5 warn package.json myapp2@1.0.0 No README data
6 verbose readDependencies using package.json deps
7 verbose install where, deps [ '/Users/ragnhild/git/Storytelling-FrontEnd',
7 verbose install   [ 'gulp',
7 verbose install     'gulp-sass',
7 verbose install     'gulp-concat',
7 verbose install     'gulp-minify-css',
7 verbose install     'gulp-rename',
7 verbose install     'bower',
7 verbose install     'gulp-util',
7 verbose install     'shelljs' ] ]
8 info preinstall myapp2@1.0.0
9 verbose readDependencies using package.json deps
10 verbose cache add [ 'gulp-sass@^0.7.1', null ]
11 verbose cache add name=undefined spec="gulp-sass@^0.7.1" args=["gulp-sass@^0.7.1",null]
12 verbose parsed url { protocol: null,
12 verbose parsed url   slashes: null,
12 verbose parsed url   auth: null,
12 verbose parsed url   host: null,
12 verbose parsed url   port: null,
12 verbose parsed url   hostname: null,
12 verbose parsed url   hash: null,
12 verbose parsed url   search: null,
12 verbose parsed url   query: null,
12 verbose parsed url   pathname: 'gulp-sass@^0.7.1',
12 verbose parsed url   path: 'gulp-sass@^0.7.1',
12 verbose parsed url   href: 'gulp-sass@^0.7.1' }
13 verbose cache add [ 'gulp-concat@^2.2.0', null ]
14 verbose cache add name=undefined spec="gulp-concat@^2.2.0" args=["gulp-concat@^2.2.0",null]
15 verbose parsed url { protocol: null,
15 verbose parsed url   slashes: null,
15 verbose parsed url   auth: null,
15 verbose parsed url   host: null,
15 verbose parsed url   port: null,
15 verbose parsed url   hostname: null,
15 verbose parsed url   hash: null,
15 verbose parsed url   search: null,
15 verbose parsed url   query: null,
15 verbose parsed url   pathname: 'gulp-concat@^2.2.0',
15 verbose parsed url   path: 'gulp-concat@^2.2.0',
15 verbose parsed url   href: 'gulp-concat@^2.2.0' }
16 verbose cache add name="gulp-sass" spec="^0.7.1" args=["gulp-sass","^0.7.1"]
17 verbose parsed url { protocol: null,
17 verbose parsed url   slashes: null,
17 verbose parsed url   auth: null,
17 verbose parsed url   host: null,
17 verbose parsed url   port: null,
17 verbose parsed url   hostname: null,
17 verbose parsed url   hash: null,
17 verbose parsed url   search: null,
17 verbose parsed url   query: null,
17 verbose parsed url   pathname: '^0.7.1',
17 verbose parsed url   path: '^0.7.1',
17 verbose parsed url   href: '^0.7.1' }
18 verbose addNamed [ 'gulp-sass', '^0.7.1' ]
19 verbose addNamed [ null, '>=0.7.1-0 <0.8.0-0' ]
20 verbose cache add [ 'gulp-minify-css@^0.3.0', null ]
21 verbose cache add name=undefined spec="gulp-minify-css@^0.3.0" args=["gulp-minify-css@^0.3.0",null]
22 verbose parsed url { protocol: null,
22 verbose parsed url   slashes: null,
22 verbose parsed url   auth: null,
22 verbose parsed url   host: null,
22 verbose parsed url   port: null,
22 verbose parsed url   hostname: null,
22 verbose parsed url   hash: null,
22 verbose parsed url   search: null,
22 verbose parsed url   query: null,
22 verbose parsed url   pathname: 'gulp-minify-css@^0.3.0',
22 verbose parsed url   path: 'gulp-minify-css@^0.3.0',
22 verbose parsed url   href: 'gulp-minify-css@^0.3.0' }
23 verbose cache add name="gulp-concat" spec="^2.2.0" args=["gulp-concat","^2.2.0"]
24 verbose parsed url { protocol: null,
24 verbose parsed url   slashes: null,
24 verbose parsed url   auth: null,
24 verbose parsed url   host: null,
24 verbose parsed url   port: null,
24 verbose parsed url   hostname: null,
24 verbose parsed url   hash: null,
24 verbose parsed url   search: null,
24 verbose parsed url   query: null,
24 verbose parsed url   pathname: '^2.2.0',
24 verbose parsed url   path: '^2.2.0',
24 verbose parsed url   href: '^2.2.0' }
25 verbose addNamed [ 'gulp-concat', '^2.2.0' ]
26 verbose addNamed [ null, '>=2.2.0-0 <3.0.0-0' ]
27 silly lockFile 77100620-gulp-sass-0-7-1 gulp-sass@^0.7.1
28 verbose lock gulp-sass@^0.7.1 /Users/ragnhild/.npm/77100620-gulp-sass-0-7-1.lock
29 silly lockFile bade1119-gulp-concat-2-2-0 gulp-concat@^2.2.0
30 verbose lock gulp-concat@^2.2.0 /Users/ragnhild/.npm/bade1119-gulp-concat-2-2-0.lock
31 verbose cache add [ 'gulp-rename@^1.2.0', null ]
32 verbose cache add name=undefined spec="gulp-rename@^1.2.0" args=["gulp-rename@^1.2.0",null]
33 verbose parsed url { protocol: null,
33 verbose parsed url   slashes: null,
33 verbose parsed url   auth: null,
33 verbose parsed url   host: null,
33 verbose parsed url   port: null,
33 verbose parsed url   hostname: null,
33 verbose parsed url   hash: null,
33 verbose parsed url   search: null,
33 verbose parsed url   query: null,
33 verbose parsed url   pathname: 'gulp-rename@^1.2.0',
33 verbose parsed url   path: 'gulp-rename@^1.2.0',
33 verbose parsed url   href: 'gulp-rename@^1.2.0' }
34 verbose cache add name="gulp-minify-css" spec="^0.3.0" args=["gulp-minify-css","^0.3.0"]
35 verbose parsed url { protocol: null,
35 verbose parsed url   slashes: null,
35 verbose parsed url   auth: null,
35 verbose parsed url   host: null,
35 verbose parsed url   port: null,
35 verbose parsed url   hostname: null,
35 verbose parsed url   hash: null,
35 verbose parsed url   search: null,
35 verbose parsed url   query: null,
35 verbose parsed url   pathname: '^0.3.0',
35 verbose parsed url   path: '^0.3.0',
35 verbose parsed url   href: '^0.3.0' }
36 verbose addNamed [ 'gulp-minify-css', '^0.3.0' ]
37 verbose addNamed [ null, '>=0.3.0-0 <0.4.0-0' ]
38 silly lockFile 97140670-gulp-minify-css-0-3-0 gulp-minify-css@^0.3.0
39 verbose lock gulp-minify-css@^0.3.0 /Users/ragnhild/.npm/97140670-gulp-minify-css-0-3-0.lock
40 verbose cache add [ 'bower@^1.3.3', null ]
41 verbose cache add name=undefined spec="bower@^1.3.3" args=["bower@^1.3.3",null]
42 verbose parsed url { protocol: null,
42 verbose parsed url   slashes: null,
42 verbose parsed url   auth: null,
42 verbose parsed url   host: null,
42 verbose parsed url   port: null,
42 verbose parsed url   hostname: null,
42 verbose parsed url   hash: null,
42 verbose parsed url   search: null,
42 verbose parsed url   query: null,
42 verbose parsed url   pathname: 'bower@^1.3.3',
42 verbose parsed url   path: 'bower@^1.3.3',
42 verbose parsed url   href: 'bower@^1.3.3' }
43 verbose cache add name="gulp-rename" spec="^1.2.0" args=["gulp-rename","^1.2.0"]
44 verbose parsed url { protocol: null,
44 verbose parsed url   slashes: null,
44 verbose parsed url   auth: null,
44 verbose parsed url   host: null,
44 verbose parsed url   port: null,
44 verbose parsed url   hostname: null,
44 verbose parsed url   hash: null,
44 verbose parsed url   search: null,
44 verbose parsed url   query: null,
44 verbose parsed url   pathname: '^1.2.0',
44 verbose parsed url   path: '^1.2.0',
44 verbose parsed url   href: '^1.2.0' }
45 verbose addNamed [ 'gulp-rename', '^1.2.0' ]
46 verbose addNamed [ null, '>=1.2.0-0 <2.0.0-0' ]
47 silly lockFile 31cef36d-gulp-rename-1-2-0 gulp-rename@^1.2.0
48 verbose lock gulp-rename@^1.2.0 /Users/ragnhild/.npm/31cef36d-gulp-rename-1-2-0.lock
49 verbose cache add [ 'gulp-util@^2.2.14', null ]
50 verbose cache add name=undefined spec="gulp-util@^2.2.14" args=["gulp-util@^2.2.14",null]
51 verbose parsed url { protocol: null,
51 verbose parsed url   slashes: null,
51 verbose parsed url   auth: null,
51 verbose parsed url   host: null,
51 verbose parsed url   port: null,
51 verbose parsed url   hostname: null,
51 verbose parsed url   hash: null,
51 verbose parsed url   search: null,
51 verbose parsed url   query: null,
51 verbose parsed url   pathname: 'gulp-util@^2.2.14',
51 verbose parsed url   path: 'gulp-util@^2.2.14',
51 verbose parsed url   href: 'gulp-util@^2.2.14' }
52 verbose cache add name="bower" spec="^1.3.3" args=["bower","^1.3.3"]
53 verbose parsed url { protocol: null,
53 verbose parsed url   slashes: null,
53 verbose parsed url   auth: null,
53 verbose parsed url   host: null,
53 verbose parsed url   port: null,
53 verbose parsed url   hostname: null,
53 verbose parsed url   hash: null,
53 verbose parsed url   search: null,
53 verbose parsed url   query: null,
53 verbose parsed url   pathname: '^1.3.3',
53 verbose parsed url   path: '^1.3.3',
53 verbose parsed url   href: '^1.3.3' }
54 verbose addNamed [ 'bower', '^1.3.3' ]
55 verbose addNamed [ null, '>=1.3.3-0 <2.0.0-0' ]
56 silly lockFile 0aa5c27e-bower-1-3-3 bower@^1.3.3
57 verbose lock bower@^1.3.3 /Users/ragnhild/.npm/0aa5c27e-bower-1-3-3.lock
58 silly addNameRange { name: 'gulp-sass',
58 silly addNameRange   range: '>=0.7.1-0 <0.8.0-0',
58 silly addNameRange   hasData: false }
59 silly addNameRange { name: 'gulp-concat',
59 silly addNameRange   range: '>=2.2.0-0 <3.0.0-0',
59 silly addNameRange   hasData: false }
60 silly addNameRange { name: 'gulp-minify-css',
60 silly addNameRange   range: '>=0.3.0-0 <0.4.0-0',
60 silly addNameRange   hasData: false }
61 verbose cache add [ 'shelljs@^0.3.0', null ]
62 verbose cache add name=undefined spec="shelljs@^0.3.0" args=["shelljs@^0.3.0",null]
63 verbose parsed url { protocol: null,
63 verbose parsed url   slashes: null,
63 verbose parsed url   auth: null,
63 verbose parsed url   host: null,
63 verbose parsed url   port: null,
63 verbose parsed url   hostname: null,
63 verbose parsed url   hash: null,
63 verbose parsed url   search: null,
63 verbose parsed url   query: null,
63 verbose parsed url   pathname: 'shelljs@^0.3.0',
63 verbose parsed url   path: 'shelljs@^0.3.0',
63 verbose parsed url   href: 'shelljs@^0.3.0' }
64 verbose cache add [ 'gulp@^3.5.6', null ]
65 verbose cache add name=undefined spec="gulp@^3.5.6" args=["gulp@^3.5.6",null]
66 verbose parsed url { protocol: null,
66 verbose parsed url   slashes: null,
66 verbose parsed url   auth: null,
66 verbose parsed url   host: null,
66 verbose parsed url   port: null,
66 verbose parsed url   hostname: null,
66 verbose parsed url   hash: null,
66 verbose parsed url   search: null,
66 verbose parsed url   query: null,
66 verbose parsed url   pathname: 'gulp@^3.5.6',
66 verbose parsed url   path: 'gulp@^3.5.6',
66 verbose parsed url   href: 'gulp@^3.5.6' }
67 verbose cache add name="gulp-util" spec="^2.2.14" args=["gulp-util","^2.2.14"]
68 verbose parsed url { protocol: null,
68 verbose parsed url   slashes: null,
68 verbose parsed url   auth: null,
68 verbose parsed url   host: null,
68 verbose parsed url   port: null,
68 verbose parsed url   hostname: null,
68 verbose parsed url   hash: null,
68 verbose parsed url   search: null,
68 verbose parsed url   query: null,
68 verbose parsed url   pathname: '^2.2.14',
68 verbose parsed url   path: '^2.2.14',
68 verbose parsed url   href: '^2.2.14' }
69 verbose addNamed [ 'gulp-util', '^2.2.14' ]
70 verbose addNamed [ null, '>=2.2.14-0 <3.0.0-0' ]
71 silly lockFile e3e5f16b-gulp-util-2-2-14 gulp-util@^2.2.14
72 verbose lock gulp-util@^2.2.14 /Users/ragnhild/.npm/e3e5f16b-gulp-util-2-2-14.lock
73 verbose request where is /gulp-sass
74 verbose request registry https://registry.npmjs.org/
75 verbose request id cd1dc276b5a27748
76 verbose url raw /gulp-sass
77 verbose url resolving [ 'https://registry.npmjs.org/', './gulp-sass' ]
78 verbose url resolved https://registry.npmjs.org/gulp-sass
79 verbose request where is https://registry.npmjs.org/gulp-sass
80 info trying registry request attempt 1 at 12:49:59
81 http GET https://registry.npmjs.org/gulp-sass
82 verbose request where is /gulp-concat
83 verbose request registry https://registry.npmjs.org/
84 verbose url raw /gulp-concat
85 verbose url resolving [ 'https://registry.npmjs.org/', './gulp-concat' ]
86 verbose url resolved https://registry.npmjs.org/gulp-concat
87 verbose request where is https://registry.npmjs.org/gulp-concat
88 info trying registry request attempt 1 at 12:49:59
89 http GET https://registry.npmjs.org/gulp-concat
90 verbose request where is /gulp-minify-css
91 verbose request registry https://registry.npmjs.org/
92 verbose url raw /gulp-minify-css
93 verbose url resolving [ 'https://registry.npmjs.org/', './gulp-minify-css' ]
94 verbose url resolved https://registry.npmjs.org/gulp-minify-css
95 verbose request where is https://registry.npmjs.org/gulp-minify-css
96 info trying registry request attempt 1 at 12:49:59
97 http GET https://registry.npmjs.org/gulp-minify-css
98 verbose cache add name="shelljs" spec="^0.3.0" args=["shelljs","^0.3.0"]
99 verbose parsed url { protocol: null,
99 verbose parsed url   slashes: null,
99 verbose parsed url   auth: null,
99 verbose parsed url   host: null,
99 verbose parsed url   port: null,
99 verbose parsed url   hostname: null,
99 verbose parsed url   hash: null,
99 verbose parsed url   search: null,
99 verbose parsed url   query: null,
99 verbose parsed url   pathname: '^0.3.0',
99 verbose parsed url   path: '^0.3.0',
99 verbose parsed url   href: '^0.3.0' }
100 verbose addNamed [ 'shelljs', '^0.3.0' ]
101 verbose addNamed [ null, '>=0.3.0-0 <0.4.0-0' ]
102 silly lockFile 1ddaa962-shelljs-0-3-0 shelljs@^0.3.0
103 verbose lock shelljs@^0.3.0 /Users/ragnhild/.npm/1ddaa962-shelljs-0-3-0.lock
104 verbose cache add name="gulp" spec="^3.5.6" args=["gulp","^3.5.6"]
105 verbose parsed url { protocol: null,
105 verbose parsed url   slashes: null,
105 verbose parsed url   auth: null,
105 verbose parsed url   host: null,
105 verbose parsed url   port: null,
105 verbose parsed url   hostname: null,
105 verbose parsed url   hash: null,
105 verbose parsed url   search: null,
105 verbose parsed url   query: null,
105 verbose parsed url   pathname: '^3.5.6',
105 verbose parsed url   path: '^3.5.6',
105 verbose parsed url   href: '^3.5.6' }
106 verbose addNamed [ 'gulp', '^3.5.6' ]
107 verbose addNamed [ null, '>=3.5.6-0 <4.0.0-0' ]
108 silly lockFile 28ac0b1b-gulp-3-5-6 gulp@^3.5.6
109 verbose lock gulp@^3.5.6 /Users/ragnhild/.npm/28ac0b1b-gulp-3-5-6.lock
110 silly addNameRange { name: 'gulp-rename',
110 silly addNameRange   range: '>=1.2.0-0 <2.0.0-0',
110 silly addNameRange   hasData: false }
111 silly addNameRange { name: 'bower', range: '>=1.3.3-0 <2.0.0-0', hasData: false }
112 verbose request where is /gulp-rename
113 verbose request registry https://registry.npmjs.org/
114 verbose url raw /gulp-rename
115 verbose url resolving [ 'https://registry.npmjs.org/', './gulp-rename' ]
116 verbose url resolved https://registry.npmjs.org/gulp-rename
117 verbose request where is https://registry.npmjs.org/gulp-rename
118 info trying registry request attempt 1 at 12:49:59
119 http GET https://registry.npmjs.org/gulp-rename
120 silly addNameRange { name: 'gulp-util',
120 silly addNameRange   range: '>=2.2.14-0 <3.0.0-0',
120 silly addNameRange   hasData: false }
121 silly addNameRange { name: 'shelljs', range: '>=0.3.0-0 <0.4.0-0', hasData: false }
122 silly addNameRange { name: 'gulp', range: '>=3.5.6-0 <4.0.0-0', hasData: false }
123 verbose request where is /bower
124 verbose request registry https://registry.npmjs.org/
125 verbose url raw /bower
126 verbose url resolving [ 'https://registry.npmjs.org/', './bower' ]
127 verbose url resolved https://registry.npmjs.org/bower
128 verbose request where is https://registry.npmjs.org/bower
129 info trying registry request attempt 1 at 12:50:00
130 verbose etag "CQDT3LW680UJR78VNWVFLN8Q7"
131 http GET https://registry.npmjs.org/bower
132 verbose request where is /gulp-util
133 verbose request registry https://registry.npmjs.org/
134 verbose url raw /gulp-util
135 verbose url resolving [ 'https://registry.npmjs.org/', './gulp-util' ]
136 verbose url resolved https://registry.npmjs.org/gulp-util
137 verbose request where is https://registry.npmjs.org/gulp-util
138 info trying registry request attempt 1 at 12:50:00
139 verbose etag "6WE1PU08REFU0NBDMRDFEWYIK"
140 http GET https://registry.npmjs.org/gulp-util
141 verbose request where is /gulp
142 verbose request registry https://registry.npmjs.org/
143 verbose url raw /gulp
144 verbose url resolving [ 'https://registry.npmjs.org/', './gulp' ]
145 verbose url resolved https://registry.npmjs.org/gulp
146 verbose request where is https://registry.npmjs.org/gulp
147 info trying registry request attempt 1 at 12:50:00
148 verbose etag "9MDNGGC9E67LH57448I145CSR"
149 http GET https://registry.npmjs.org/gulp
150 verbose request where is /shelljs
151 verbose request registry https://registry.npmjs.org/
152 verbose url raw /shelljs
153 verbose url resolving [ 'https://registry.npmjs.org/', './shelljs' ]
154 verbose url resolved https://registry.npmjs.org/shelljs
155 verbose request where is https://registry.npmjs.org/shelljs
156 info trying registry request attempt 1 at 12:50:00
157 verbose etag "JVDTNWQ7Y2MX7E887YMRSWA"
158 http GET https://registry.npmjs.org/shelljs
159 http 200 https://registry.npmjs.org/gulp-rename
160 silly registry.get cb [ 200,
160 silly registry.get   { date: 'Thu, 05 Mar 2015 11:50:01 GMT',
160 silly registry.get     server: 'CouchDB/1.5.0 (Erlang OTP/R16B03)',
160 silly registry.get     etag: '"4V9XCHE7X0X3KAVLQJEOCH0QM"',
160 silly registry.get     'content-type': 'application/json',
160 silly registry.get     'cache-control': 'max-age=60',
160 silly registry.get     'content-length': '10191',
160 silly registry.get     'accept-ranges': 'bytes',
160 silly registry.get     via: '1.1 varnish',
160 silly registry.get     age: '43',
160 silly registry.get     'x-served-by': 'cache-ams4137-AMS',
160 silly registry.get     'x-cache': 'HIT',
160 silly registry.get     'x-cache-hits': '2',
160 silly registry.get     'x-timer': 'S1425556201.088793,VS0,VE0',
160 silly registry.get     vary: 'Accept',
160 silly registry.get     'keep-alive': 'timeout=10, max=50',
160 silly registry.get     connection: 'Keep-Alive' } ]
161 silly addNameRange number 2 { name: 'gulp-rename',
161 silly addNameRange   range: '>=1.2.0-0 <2.0.0-0',
161 silly addNameRange   hasData: true }
162 silly addNameRange versions [ 'gulp-rename',
162 silly addNameRange   [ '0.1.0', '0.2.1', '0.2.2', '1.0.0', '1.1.0', '1.2.0' ] ]
163 verbose addNamed [ 'gulp-rename', '1.2.0' ]
164 verbose addNamed [ '1.2.0', '1.2.0' ]
165 silly lockFile 5981c611-gulp-rename-1-2-0 gulp-rename@1.2.0
166 verbose lock gulp-rename@1.2.0 /Users/ragnhild/.npm/5981c611-gulp-rename-1-2-0.lock
167 silly lockFile b4be9a05-ulp-rename-gulp-rename-1-2-0-tgz https://registry.npmjs.org/gulp-rename/-/gulp-rename-1.2.0.tgz
168 verbose lock https://registry.npmjs.org/gulp-rename/-/gulp-rename-1.2.0.tgz /Users/ragnhild/.npm/b4be9a05-ulp-rename-gulp-rename-1-2-0-tgz.lock
169 verbose addRemoteTarball [ 'https://registry.npmjs.org/gulp-rename/-/gulp-rename-1.2.0.tgz',
169 verbose addRemoteTarball   '060394a09b085cf5d46fc48acdc5657f8fee9e4e' ]
170 info retry fetch attempt 1 at 12:50:01
171 verbose fetch to= /var/folders/fy/2hy7lr3x5jv6kxltc4ckldcw0000gn/T/npm-5840-2THFPAwG/registry.npmjs.org/gulp-rename/-/gulp-rename-1.2.0.tgz
172 http GET https://registry.npmjs.org/gulp-rename/-/gulp-rename-1.2.0.tgz
173 http 200 https://registry.npmjs.org/gulp-sass
174 silly registry.get cb [ 200,
174 silly registry.get   { date: 'Thu, 05 Mar 2015 11:50:01 GMT',
174 silly registry.get     server: 'CouchDB/1.5.0 (Erlang OTP/R16B03)',
174 silly registry.get     etag: '"2JTSVSX6N650OIKOAB6G7DP40"',
174 silly registry.get     'content-type': 'application/json',
174 silly registry.get     'cache-control': 'max-age=60',
174 silly registry.get     'content-length': '32223',
174 silly registry.get     'accept-ranges': 'bytes',
174 silly registry.get     via: '1.1 varnish',
174 silly registry.get     age: '0',
174 silly registry.get     'x-served-by': 'cache-ams4138-AMS',
174 silly registry.get     'x-cache': 'HIT',
174 silly registry.get     'x-cache-hits': '1',
174 silly registry.get     'x-timer': 'S1425556201.088925,VS0,VE90',
174 silly registry.get     vary: 'Accept',
174 silly registry.get     'keep-alive': 'timeout=10, max=50',
174 silly registry.get     connection: 'Keep-Alive' } ]
175 http 200 https://registry.npmjs.org/gulp-util
176 silly registry.get cb [ 200,
176 silly registry.get   { date: 'Thu, 05 Mar 2015 11:50:01 GMT',
176 silly registry.get     server: 'CouchDB/1.5.0 (Erlang OTP/R16B03)',
176 silly registry.get     etag: '"V4L7YUZ818GRR2P4C580A6Q9"',
176 silly registry.get     'content-type': 'application/json',
176 silly registry.get     'cache-control': 'max-age=60',
176 silly registry.get     'content-length': '55591',
176 silly registry.get     'accept-ranges': 'bytes',
176 silly registry.get     via: '1.1 varnish',
176 silly registry.get     age: '52',
176 silly registry.get     'x-served-by': 'cache-ams4137-AMS',
176 silly registry.get     'x-cache': 'HIT',
176 silly registry.get     'x-cache-hits': '3',
176 silly registry.get     'x-timer': 'S1425556201.137016,VS0,VE0',
176 silly registry.get     vary: 'Accept',
176 silly registry.get     'keep-alive': 'timeout=10, max=49',
176 silly registry.get     connection: 'Keep-Alive' } ]
177 silly addNameRange number 2 { name: 'gulp-sass', range: '>=0.7.1-0 <0.8.0-0', hasData: true }
178 silly addNameRange versions [ 'gulp-sass',
178 silly addNameRange   [ '0.1.0',
178 silly addNameRange     '0.2.1',
178 silly addNameRange     '0.2.2',
178 silly addNameRange     '0.2.3',
178 silly addNameRange     '0.3.0',
178 silly addNameRange     '0.4.0',
178 silly addNameRange     '0.4.1',
178 silly addNameRange     '0.5.0',
178 silly addNameRange     '0.5.1',
178 silly addNameRange     '0.5.2',
178 silly addNameRange     '0.6.0',
178 silly addNameRange     '0.7.0',
178 silly addNameRange     '0.7.1',
178 silly addNameRange     '0.7.2',
178 silly addNameRange     '0.7.3',
178 silly addNameRange     '1.0.0',
178 silly addNameRange     '1.1.0',
178 silly addNameRange     '1.2.0',
178 silly addNameRange     '1.2.1',
178 silly addNameRange     '1.2.2',
178 silly addNameRange     '1.2.3',
178 silly addNameRange     '1.2.4',
178 silly addNameRange     '1.3.0',
178 silly addNameRange     '1.3.1',
178 silly addNameRange     '1.3.2',
178 silly addNameRange     '1.3.3' ] ]
179 verbose addNamed [ 'gulp-sass', '0.7.3' ]
180 verbose addNamed [ '0.7.3', '0.7.3' ]
181 silly lockFile 721f0c96-gulp-sass-0-7-3 gulp-sass@0.7.3
182 verbose lock gulp-sass@0.7.3 /Users/ragnhild/.npm/721f0c96-gulp-sass-0-7-3.lock
183 silly lockFile d66f14f4-rg-gulp-sass-gulp-sass-0-7-3-tgz https://registry.npmjs.org/gulp-sass/-/gulp-sass-0.7.3.tgz
184 verbose lock https://registry.npmjs.org/gulp-sass/-/gulp-sass-0.7.3.tgz /Users/ragnhild/.npm/d66f14f4-rg-gulp-sass-gulp-sass-0-7-3-tgz.lock
185 verbose addRemoteTarball [ 'https://registry.npmjs.org/gulp-sass/-/gulp-sass-0.7.3.tgz',
185 verbose addRemoteTarball   '4bfbb4e4d95a40be8beeebe07e8e477e7f7a2edc' ]
186 info retry fetch attempt 1 at 12:50:01
187 verbose fetch to= /var/folders/fy/2hy7lr3x5jv6kxltc4ckldcw0000gn/T/npm-5840-2THFPAwG/registry.npmjs.org/gulp-sass/-/gulp-sass-0.7.3.tgz
188 http GET https://registry.npmjs.org/gulp-sass/-/gulp-sass-0.7.3.tgz
189 silly addNameRange number 2 { name: 'gulp-util',
189 silly addNameRange   range: '>=2.2.14-0 <3.0.0-0',
189 silly addNameRange   hasData: true }
190 silly addNameRange versions [ 'gulp-util',
190 silly addNameRange   [ '0.0.1',
190 silly addNameRange     '1.0.0',
190 silly addNameRange     '1.1.0',
190 silly addNameRange     '1.1.1',
190 silly addNameRange     '1.2.0',
190 silly addNameRange     '1.3.0',
190 silly addNameRange     '2.0.0',
190 silly addNameRange     '2.1.1',
190 silly addNameRange     '2.1.2',
190 silly addNameRange     '2.1.3',
190 silly addNameRange     '2.1.4',
190 silly addNameRange     '2.2.0',
190 silly addNameRange     '2.2.1',
190 silly addNameRange     '2.2.2',
190 silly addNameRange     '2.2.3',
190 silly addNameRange     '2.2.5',
190 silly addNameRange     '2.2.6',
190 silly addNameRange     '2.2.7',
190 silly addNameRange     '2.2.8',
190 silly addNameRange     '2.2.9',
190 silly addNameRange     '2.2.10',
190 silly addNameRange     '2.2.11',
190 silly addNameRange     '2.2.12',
190 silly addNameRange     '2.2.13',
190 silly addNameRange     '2.2.14',
190 silly addNameRange     '2.2.15',
190 silly addNameRange     '2.2.16',
190 silly addNameRange     '2.2.17',
190 silly addNameRange     '2.2.18',
190 silly addNameRange     '2.2.19',
190 silly addNameRange     '2.2.20',
190 silly addNameRange     '3.0.0',
190 silly addNameRange     '3.0.1',
190 silly addNameRange     '3.0.2',
190 silly addNameRange     '3.0.3',
190 silly addNameRange     '3.0.4' ] ]
191 verbose addNamed [ 'gulp-util', '2.2.20' ]
192 verbose addNamed [ '2.2.20', '2.2.20' ]
193 silly lockFile 48c194cb-gulp-util-2-2-20 gulp-util@2.2.20
194 verbose lock gulp-util@2.2.20 /Users/ragnhild/.npm/48c194cb-gulp-util-2-2-20.lock
195 silly lockFile 34166e88-g-gulp-util-gulp-util-2-2-20-tgz https://registry.npmjs.org/gulp-util/-/gulp-util-2.2.20.tgz
196 verbose lock https://registry.npmjs.org/gulp-util/-/gulp-util-2.2.20.tgz /Users/ragnhild/.npm/34166e88-g-gulp-util-gulp-util-2-2-20-tgz.lock
197 verbose addRemoteTarball [ 'https://registry.npmjs.org/gulp-util/-/gulp-util-2.2.20.tgz',
197 verbose addRemoteTarball   'd7146e5728910bd8f047a6b0b1e549bc22dbd64c' ]
198 info retry fetch attempt 1 at 12:50:01
199 verbose fetch to= /var/folders/fy/2hy7lr3x5jv6kxltc4ckldcw0000gn/T/npm-5840-2THFPAwG/registry.npmjs.org/gulp-util/-/gulp-util-2.2.20.tgz
200 http GET https://registry.npmjs.org/gulp-util/-/gulp-util-2.2.20.tgz
201 http 200 https://registry.npmjs.org/bower
202 silly registry.get cb [ 200,
202 silly registry.get   { date: 'Thu, 05 Mar 2015 11:50:01 GMT',
202 silly registry.get     server: 'CouchDB/1.5.0 (Erlang OTP/R16B03)',
202 silly registry.get     etag: '"EL9MGRLNON4T4ZXP9J0EA9ZP2"',
202 silly registry.get     'content-type': 'application/json',
202 silly registry.get     'cache-control': 'max-age=60',
202 silly registry.get     'content-length': '106504',
202 silly registry.get     'accept-ranges': 'bytes',
202 silly registry.get     via: '1.1 varnish',
202 silly registry.get     age: '41',
202 silly registry.get     'x-served-by': 'cache-ams4126-AMS',
202 silly registry.get     'x-cache': 'HIT',
202 silly registry.get     'x-cache-hits': '1',
202 silly registry.get     'x-timer': 'S1425556201.093767,VS0,VE0',
202 silly registry.get     vary: 'Accept',
202 silly registry.get     'keep-alive': 'timeout=10, max=50',
202 silly registry.get     connection: 'Keep-Alive' } ]
203 http 200 https://registry.npmjs.org/gulp-concat
204 silly registry.get cb [ 200,
204 silly registry.get   { date: 'Thu, 05 Mar 2015 11:50:01 GMT',
204 silly registry.get     server: 'CouchDB/1.5.0 (Erlang OTP/R16B03)',
204 silly registry.get     etag: '"DKYSXOOF98CD6ER376A9J84T3"',
204 silly registry.get     'content-type': 'application/json',
204 silly registry.get     'cache-control': 'max-age=60',
204 silly registry.get     'content-length': '34986',
204 silly registry.get     'accept-ranges': 'bytes',
204 silly registry.get     via: '1.1 varnish',
204 silly registry.get     age: '0',
204 silly registry.get     'x-served-by': 'cache-ams4127-AMS',
204 silly registry.get     'x-cache': 'HIT',
204 silly registry.get     'x-cache-hits': '1',
204 silly registry.get     'x-timer': 'S1425556201.091998,VS0,VE91',
204 silly registry.get     vary: 'Accept',
204 silly registry.get     'keep-alive': 'timeout=10, max=50',
204 silly registry.get     connection: 'Keep-Alive' } ]
205 silly addNameRange number 2 { name: 'bower', range: '>=1.3.3-0 <2.0.0-0', hasData: true }
206 silly addNameRange versions [ 'bower',
206 silly addNameRange   [ '0.1.0',
206 silly addNameRange     '0.1.2',
206 silly addNameRange     '0.1.3',
206 silly addNameRange     '0.2.0',
206 silly addNameRange     '0.3.0',
206 silly addNameRange     '0.3.1',
206 silly addNameRange     '0.3.2',
206 silly addNameRange     '0.4.0',
206 silly addNameRange     '0.5.0',
206 silly addNameRange     '0.5.1',
206 silly addNameRange     '0.6.0',
206 silly addNameRange     '0.6.1',
206 silly addNameRange     '0.6.2',
206 silly addNameRange     '0.6.3',
206 silly addNameRange     '0.6.4',
206 silly addNameRange     '0.6.5',
206 silly addNameRange     '0.6.6',
206 silly addNameRange     '0.6.7',
206 silly addNameRange     '0.6.8',
206 silly addNameRange     '0.7.0',
206 silly addNameRange     '0.7.1',
206 silly addNameRange     '0.8.0',
206 silly addNameRange     '0.8.1',
206 silly addNameRange     '0.8.2',
206 silly addNameRange     '0.8.3',
206 silly addNameRange     '0.8.4',
206 silly addNameRange     '0.8.5',
206 silly addNameRange     '0.8.6',
206 silly addNameRange     '0.9.0',
206 silly addNameRange     '0.9.1',
206 silly addNameRange     '0.9.2',
206 silly addNameRange     '0.10.0',
206 silly addNameRange     '1.0.0',
206 silly addNameRange     '1.0.1',
206 silly addNameRange     '1.0.2',
206 silly addNameRange     '1.0.3',
206 silly addNameRange     '1.1.0',
206 silly addNameRange     '1.1.1',
206 silly addNameRange     '1.1.2',
206 silly addNameRange     '1.2.0',
206 silly addNameRange     '1.2.1',
206 silly addNameRange     '1.2.2',
206 silly addNameRange     '1.2.3',
206 silly addNameRange     '1.2.4',
206 silly addNameRange     '1.2.5',
206 silly addNameRange     '1.2.6',
206 silly addNameRange     '1.2.7',
206 silly addNameRange     '1.2.8',
206 silly addNameRange     '1.3.0',
206 silly addNameRange     '1.3.1',
206 silly addNameRange     '1.3.2',
206 silly addNameRange     '1.3.3',
206 silly addNameRange     '1.3.4',
206 silly addNameRange     '1.3.5',
206 silly addNameRange     '1.3.6',
206 silly addNameRange     '1.3.7',
206 silly addNameRange     '1.3.8',
206 silly addNameRange     '1.3.9',
206 silly addNameRange     '1.3.10',
206 silly addNameRange     '1.3.11',
206 silly addNameRange     '1.3.12' ] ]
207 verbose addNamed [ 'bower', '1.3.12' ]
208 verbose addNamed [ '1.3.12', '1.3.12' ]
209 silly lockFile 9819431c-bower-1-3-12 bower@1.3.12
210 verbose lock bower@1.3.12 /Users/ragnhild/.npm/9819431c-bower-1-3-12.lock
211 silly lockFile 9819431c-bower-1-3-12 bower@1.3.12
212 silly lockFile 9819431c-bower-1-3-12 bower@1.3.12
213 silly lockFile 0aa5c27e-bower-1-3-3 bower@^1.3.3
214 silly lockFile 0aa5c27e-bower-1-3-3 bower@^1.3.3
215 silly addNameRange number 2 { name: 'gulp-concat',
215 silly addNameRange   range: '>=2.2.0-0 <3.0.0-0',
215 silly addNameRange   hasData: true }
216 silly addNameRange versions [ 'gulp-concat',
216 silly addNameRange   [ '0.0.1',
216 silly addNameRange     '1.0.0',
216 silly addNameRange     '1.1.0',
216 silly addNameRange     '2.0.0',
216 silly addNameRange     '2.1.0',
216 silly addNameRange     '2.1.1',
216 silly addNameRange     '2.1.2',
216 silly addNameRange     '2.1.3',
216 silly addNameRange     '2.1.4',
216 silly addNameRange     '2.1.5',
216 silly addNameRange     '2.1.6',
216 silly addNameRange     '2.1.7',
216 silly addNameRange     '2.2.0',
216 silly addNameRange     '2.3.0',
216 silly addNameRange     '2.3.3',
216 silly addNameRange     '2.3.4',
216 silly addNameRange     '2.3.5',
216 silly addNameRange     '2.4.0',
216 silly addNameRange     '2.4.1',
216 silly addNameRange     '2.4.2',
216 silly addNameRange     '2.4.3',
216 silly addNameRange     '2.5.0',
216 silly addNameRange     '2.5.1',
216 silly addNameRange     '2.5.2' ] ]
217 verbose addNamed [ 'gulp-concat', '2.5.2' ]
218 verbose addNamed [ '2.5.2', '2.5.2' ]
219 silly lockFile f86cbda2-gulp-concat-2-5-2 gulp-concat@2.5.2
220 verbose lock gulp-concat@2.5.2 /Users/ragnhild/.npm/f86cbda2-gulp-concat-2-5-2.lock
221 silly lockFile 2b63d021-ulp-concat-gulp-concat-2-5-2-tgz https://registry.npmjs.org/gulp-concat/-/gulp-concat-2.5.2.tgz
222 verbose lock https://registry.npmjs.org/gulp-concat/-/gulp-concat-2.5.2.tgz /Users/ragnhild/.npm/2b63d021-ulp-concat-gulp-concat-2-5-2-tgz.lock
223 verbose addRemoteTarball [ 'https://registry.npmjs.org/gulp-concat/-/gulp-concat-2.5.2.tgz',
223 verbose addRemoteTarball   'd644372cdc2b3cdb421a8a941c8d74e21d815f14' ]
224 info retry fetch attempt 1 at 12:50:01
225 verbose fetch to= /var/folders/fy/2hy7lr3x5jv6kxltc4ckldcw0000gn/T/npm-5840-2THFPAwG/registry.npmjs.org/gulp-concat/-/gulp-concat-2.5.2.tgz
226 http GET https://registry.npmjs.org/gulp-concat/-/gulp-concat-2.5.2.tgz
227 http 200 https://registry.npmjs.org/gulp-rename/-/gulp-rename-1.2.0.tgz
228 silly lockFile b4be9a05-ulp-rename-gulp-rename-1-2-0-tgz https://registry.npmjs.org/gulp-rename/-/gulp-rename-1.2.0.tgz
229 silly lockFile b4be9a05-ulp-rename-gulp-rename-1-2-0-tgz https://registry.npmjs.org/gulp-rename/-/gulp-rename-1.2.0.tgz
230 silly lockFile 5981c611-gulp-rename-1-2-0 gulp-rename@1.2.0
231 silly lockFile 5981c611-gulp-rename-1-2-0 gulp-rename@1.2.0
232 silly lockFile 31cef36d-gulp-rename-1-2-0 gulp-rename@^1.2.0
233 silly lockFile 31cef36d-gulp-rename-1-2-0 gulp-rename@^1.2.0
234 http 200 https://registry.npmjs.org/shelljs
235 silly registry.get cb [ 200,
235 silly registry.get   { date: 'Thu, 05 Mar 2015 11:50:01 GMT',
235 silly registry.get     server: 'CouchDB/1.5.0 (Erlang OTP/R16B03)',
235 silly registry.get     etag: '"7KZCVUY8UGRGTPOU22DY0PO5C"',
235 silly registry.get     'content-type': 'application/json',
235 silly registry.get     'cache-control': 'max-age=60',
235 silly registry.get     'content-length': '48827',
235 silly registry.get     'accept-ranges': 'bytes',
235 silly registry.get     via: '1.1 varnish',
235 silly registry.get     age: '44',
235 silly registry.get     'x-served-by': 'cache-ams4137-AMS',
235 silly registry.get     'x-cache': 'HIT',
235 silly registry.get     'x-cache-hits': '1',
235 silly registry.get     'x-timer': 'S1425556201.340197,VS0,VE0',
235 silly registry.get     vary: 'Accept',
235 silly registry.get     'keep-alive': 'timeout=10, max=48',
235 silly registry.get     connection: 'Keep-Alive' } ]
236 http 200 https://registry.npmjs.org/gulp-minify-css
237 silly registry.get cb [ 200,
237 silly registry.get   { date: 'Thu, 05 Mar 2015 11:50:01 GMT',
237 silly registry.get     server: 'CouchDB/1.5.0 (Erlang OTP/R16B03)',
237 silly registry.get     etag: '"2V2L2T9NE9LGH03YNZ5JO7EVE"',
237 silly registry.get     'content-type': 'application/json',
237 silly registry.get     'cache-control': 'max-age=60',
237 silly registry.get     'content-length': '41027',
237 silly registry.get     'accept-ranges': 'bytes',
237 silly registry.get     via: '1.1 varnish',
237 silly registry.get     age: '0',
237 silly registry.get     'x-served-by': 'cache-ams4122-AMS',
237 silly registry.get     'x-cache': 'HIT',
237 silly registry.get     'x-cache-hits': '1',
237 silly registry.get     'x-timer': 'S1425556201.092635,VS0,VE164',
237 silly registry.get     vary: 'Accept',
237 silly registry.get     'keep-alive': 'timeout=10, max=50',
237 silly registry.get     connection: 'Keep-Alive' } ]
238 silly addNameRange number 2 { name: 'shelljs', range: '>=0.3.0-0 <0.4.0-0', hasData: true }
239 silly addNameRange versions [ 'shelljs',
239 silly addNameRange   [ '0.0.1',
239 silly addNameRange     '0.0.2',
239 silly addNameRange     '0.0.3',
239 silly addNameRange     '0.0.4',
239 silly addNameRange     '0.0.5',
239 silly addNameRange     '0.0.6',
239 silly addNameRange     '0.0.7',
239 silly addNameRange     '0.0.8',
239 silly addNameRange     '0.0.9',
239 silly addNameRange     '0.1.0',
239 silly addNameRange     '0.1.1',
239 silly addNameRange     '0.1.2',
239 silly addNameRange     '0.1.3',
239 silly addNameRange     '0.1.4',
239 silly addNameRange     '0.2.0',
239 silly addNameRange     '0.2.1',
239 silly addNameRange     '0.2.2',
239 silly addNameRange     '0.2.3',
239 silly addNameRange     '0.2.4',
239 silly addNameRange     '0.2.5',
239 silly addNameRange     '0.2.6',
239 silly addNameRange     '0.3.0',
239 silly addNameRange     '0.0.1-alpha1',
239 silly addNameRange     '0.0.2-pre1',
239 silly addNameRange     '0.0.4-pre1',
239 silly addNameRange     '0.0.5-pre1',
239 silly addNameRange     '0.0.5-pre2',
239 silly addNameRange     '0.0.5-pre3',
239 silly addNameRange     '0.0.5-pre4',
239 silly addNameRange     '0.0.6-pre1',
239 silly addNameRange     '0.0.6-pre2' ] ]
240 verbose addNamed [ 'shelljs', '0.3.0' ]
241 verbose addNamed [ '0.3.0', '0.3.0' ]
242 silly lockFile 7d3918b1-shelljs-0-3-0 shelljs@0.3.0
243 verbose lock shelljs@0.3.0 /Users/ragnhild/.npm/7d3918b1-shelljs-0-3-0.lock
244 silly addNameRange number 2 { name: 'gulp-minify-css',
244 silly addNameRange   range: '>=0.3.0-0 <0.4.0-0',
244 silly addNameRange   hasData: true }
245 silly addNameRange versions [ 'gulp-minify-css',
245 silly addNameRange   [ '0.0.1',
245 silly addNameRange     '0.1.0',
245 silly addNameRange     '0.2.0',
245 silly addNameRange     '0.3.0',
245 silly addNameRange     '0.3.1',
245 silly addNameRange     '0.3.2',
245 silly addNameRange     '0.3.3',
245 silly addNameRange     '0.3.4',
245 silly addNameRange     '0.3.5',
245 silly addNameRange     '0.3.6',
245 silly addNameRange     '0.3.7',
245 silly addNameRange     '0.3.8',
245 silly addNameRange     '0.3.9',
245 silly addNameRange     '0.3.10',
245 silly addNameRange     '0.3.11',
245 silly addNameRange     '0.3.12',
245 silly addNameRange     '0.3.13',
245 silly addNameRange     '0.4.0',
245 silly addNameRange     '0.4.1',
245 silly addNameRange     '0.4.2',
245 silly addNameRange     '0.4.3',
245 silly addNameRange     '0.4.4',
245 silly addNameRange     '0.4.5',
245 silly addNameRange     '0.4.6',
245 silly addNameRange     '0.5.0',
245 silly addNameRange     '0.5.1' ] ]
246 verbose addNamed [ 'gulp-minify-css', '0.3.13' ]
247 verbose addNamed [ '0.3.13', '0.3.13' ]
248 silly lockFile 9038a954-gulp-minify-css-0-3-13 gulp-minify-css@0.3.13
249 verbose lock gulp-minify-css@0.3.13 /Users/ragnhild/.npm/9038a954-gulp-minify-css-0-3-13.lock
250 silly lockFile 8781e9f5-y-css-gulp-minify-css-0-3-13-tgz https://registry.npmjs.org/gulp-minify-css/-/gulp-minify-css-0.3.13.tgz
251 verbose lock https://registry.npmjs.org/gulp-minify-css/-/gulp-minify-css-0.3.13.tgz /Users/ragnhild/.npm/8781e9f5-y-css-gulp-minify-css-0-3-13-tgz.lock
252 silly lockFile 7d3918b1-shelljs-0-3-0 shelljs@0.3.0
253 silly lockFile 7d3918b1-shelljs-0-3-0 shelljs@0.3.0
254 verbose addRemoteTarball [ 'https://registry.npmjs.org/gulp-minify-css/-/gulp-minify-css-0.3.13.tgz',
254 verbose addRemoteTarball   'ba813c665422868305383ccd185f239c1e35209b' ]
255 silly lockFile 1ddaa962-shelljs-0-3-0 shelljs@^0.3.0
256 silly lockFile 1ddaa962-shelljs-0-3-0 shelljs@^0.3.0
257 info retry fetch attempt 1 at 12:50:01
258 verbose fetch to= /var/folders/fy/2hy7lr3x5jv6kxltc4ckldcw0000gn/T/npm-5840-2THFPAwG/registry.npmjs.org/gulp-minify-css/-/gulp-minify-css-0.3.13.tgz
259 http GET https://registry.npmjs.org/gulp-minify-css/-/gulp-minify-css-0.3.13.tgz
260 http 200 https://registry.npmjs.org/gulp
261 silly registry.get cb [ 200,
261 silly registry.get   { date: 'Thu, 05 Mar 2015 11:50:01 GMT',
261 silly registry.get     server: 'CouchDB/1.5.0 (Erlang OTP/R16B03)',
261 silly registry.get     etag: '"50D86MTEE8SP4MXEP13LOB16U"',
261 silly registry.get     'content-type': 'application/json',
261 silly registry.get     'cache-control': 'max-age=60',
261 silly registry.get     'content-length': '100261',
261 silly registry.get     'accept-ranges': 'bytes',
261 silly registry.get     via: '1.1 varnish',
261 silly registry.get     age: '51',
261 silly registry.get     'x-served-by': 'cache-ams4138-AMS',
261 silly registry.get     'x-cache': 'HIT',
261 silly registry.get     'x-cache-hits': '1',
261 silly registry.get     'x-timer': 'S1425556201.332715,VS0,VE0',
261 silly registry.get     vary: 'Accept',
261 silly registry.get     'keep-alive': 'timeout=10, max=49',
261 silly registry.get     connection: 'Keep-Alive' } ]
262 http 200 https://registry.npmjs.org/gulp-sass/-/gulp-sass-0.7.3.tgz
263 silly lockFile d66f14f4-rg-gulp-sass-gulp-sass-0-7-3-tgz https://registry.npmjs.org/gulp-sass/-/gulp-sass-0.7.3.tgz
264 silly lockFile d66f14f4-rg-gulp-sass-gulp-sass-0-7-3-tgz https://registry.npmjs.org/gulp-sass/-/gulp-sass-0.7.3.tgz
265 silly lockFile 721f0c96-gulp-sass-0-7-3 gulp-sass@0.7.3
266 silly lockFile 721f0c96-gulp-sass-0-7-3 gulp-sass@0.7.3
267 silly lockFile 77100620-gulp-sass-0-7-1 gulp-sass@^0.7.1
268 silly lockFile 77100620-gulp-sass-0-7-1 gulp-sass@^0.7.1
269 http 200 https://registry.npmjs.org/gulp-util/-/gulp-util-2.2.20.tgz
270 silly lockFile 34166e88-g-gulp-util-gulp-util-2-2-20-tgz https://registry.npmjs.org/gulp-util/-/gulp-util-2.2.20.tgz
271 silly lockFile 34166e88-g-gulp-util-gulp-util-2-2-20-tgz https://registry.npmjs.org/gulp-util/-/gulp-util-2.2.20.tgz
272 silly lockFile 48c194cb-gulp-util-2-2-20 gulp-util@2.2.20
273 silly lockFile 48c194cb-gulp-util-2-2-20 gulp-util@2.2.20
274 silly lockFile e3e5f16b-gulp-util-2-2-14 gulp-util@^2.2.14
275 silly lockFile e3e5f16b-gulp-util-2-2-14 gulp-util@^2.2.14
276 silly addNameRange number 2 { name: 'gulp', range: '>=3.5.6-0 <4.0.0-0', hasData: true }
277 silly addNameRange versions [ 'gulp',
277 silly addNameRange   [ '0.0.1',
277 silly addNameRange     '0.0.2',
277 silly addNameRange     '0.0.3',
277 silly addNameRange     '0.0.4',
277 silly addNameRange     '0.0.5',
277 silly addNameRange     '0.0.7',
277 silly addNameRange     '0.0.8',
277 silly addNameRange     '0.0.9',
277 silly addNameRange     '0.1.0',
277 silly addNameRange     '0.2.0',
277 silly addNameRange     '1.0.0',
277 silly addNameRange     '1.1.0',
277 silly addNameRange     '1.2.0',
277 silly addNameRange     '1.2.1',
277 silly addNameRange     '2.0.0',
277 silly addNameRange     '2.0.1',
277 silly addNameRange     '2.1.0',
277 silly addNameRange     '2.2.0',
277 silly addNameRange     '2.3.0',
277 silly addNameRange     '2.4.0',
277 silly addNameRange     '2.4.1',
277 silly addNameRange     '2.6.0',
277 silly addNameRange     '2.6.1',
277 silly addNameRange     '2.7.0',
277 silly addNameRange     '3.0.0',
277 silly addNameRange     '3.1.1',
277 silly addNameRange     '3.1.2',
277 silly addNameRange     '3.1.3',
277 silly addNameRange     '3.1.4',
277 silly addNameRange     '3.2.0',
277 silly addNameRange     '3.2.1',
277 silly addNameRange     '3.2.2',
277 silly addNameRange     '3.2.3',
277 silly addNameRange     '3.2.4',
277 silly addNameRange     '3.2.5',
277 silly addNameRange     '3.3.0',
277 silly addNameRange     '3.3.1',
277 silly addNameRange     '3.3.2',
277 silly addNameRange     '3.3.4',
277 silly addNameRange     '3.4.0',
277 silly addNameRange     '3.5.0',
277 silly addNameRange     '3.5.1',
277 silly addNameRange     '3.5.2',
277 silly addNameRange     '3.5.5',
277 silly addNameRange     '3.5.6',
277 silly addNameRange     '3.6.0',
277 silly addNameRange     '3.6.1',
277 silly addNameRange     '3.6.2',
277 silly addNameRange     '3.7.0',
277 silly addNameRange     '3.8.0',
277 silly addNameRange     '3.8.1',
277 silly addNameRange     '3.8.2',
277 silly addNameRange     '3.8.3',
277 silly addNameRange     '3.8.4',
277 silly addNameRange     '3.8.5',
277 silly addNameRange     '3.8.6',
277 silly addNameRange     '3.8.7',
277 silly addNameRange     '3.8.8',
277 silly addNameRange     '3.8.9',
277 silly addNameRange     '3.8.10',
277 silly addNameRange     '3.8.11' ] ]
278 verbose addNamed [ 'gulp', '3.8.11' ]
279 verbose addNamed [ '3.8.11', '3.8.11' ]
280 silly lockFile 3d31ec08-gulp-3-8-11 gulp@3.8.11
281 verbose lock gulp@3.8.11 /Users/ragnhild/.npm/3d31ec08-gulp-3-8-11.lock
282 silly lockFile 3d31ec08-gulp-3-8-11 gulp@3.8.11
283 silly lockFile 3d31ec08-gulp-3-8-11 gulp@3.8.11
284 silly lockFile 28ac0b1b-gulp-3-5-6 gulp@^3.5.6
285 silly lockFile 28ac0b1b-gulp-3-5-6 gulp@^3.5.6
286 http 200 https://registry.npmjs.org/gulp-concat/-/gulp-concat-2.5.2.tgz
287 silly lockFile 2b63d021-ulp-concat-gulp-concat-2-5-2-tgz https://registry.npmjs.org/gulp-concat/-/gulp-concat-2.5.2.tgz
288 silly lockFile 2b63d021-ulp-concat-gulp-concat-2-5-2-tgz https://registry.npmjs.org/gulp-concat/-/gulp-concat-2.5.2.tgz
289 silly lockFile f86cbda2-gulp-concat-2-5-2 gulp-concat@2.5.2
290 silly lockFile f86cbda2-gulp-concat-2-5-2 gulp-concat@2.5.2
291 silly lockFile bade1119-gulp-concat-2-2-0 gulp-concat@^2.2.0
292 silly lockFile bade1119-gulp-concat-2-2-0 gulp-concat@^2.2.0
293 http 200 https://registry.npmjs.org/gulp-minify-css/-/gulp-minify-css-0.3.13.tgz
294 silly lockFile 8781e9f5-y-css-gulp-minify-css-0-3-13-tgz https://registry.npmjs.org/gulp-minify-css/-/gulp-minify-css-0.3.13.tgz
295 silly lockFile 8781e9f5-y-css-gulp-minify-css-0-3-13-tgz https://registry.npmjs.org/gulp-minify-css/-/gulp-minify-css-0.3.13.tgz
296 silly lockFile 9038a954-gulp-minify-css-0-3-13 gulp-minify-css@0.3.13
297 silly lockFile 9038a954-gulp-minify-css-0-3-13 gulp-minify-css@0.3.13
298 silly lockFile 97140670-gulp-minify-css-0-3-0 gulp-minify-css@^0.3.0
299 silly lockFile 97140670-gulp-minify-css-0-3-0 gulp-minify-css@^0.3.0
300 error Error: EACCES, mkdir '/Users/ragnhild/.npm/gulp-util/2.2.20'
300 error  { [Error: EACCES, mkdir '/Users/ragnhild/.npm/gulp-util/2.2.20']
300 error   errno: 3,
300 error   code: 'EACCES',
300 error   path: '/Users/ragnhild/.npm/gulp-util/2.2.20',
300 error   parent: 'myapp2' }
301 error Please try running this command again as root/Administrator.
302 error System Darwin 14.0.0
303 error command "node" "/usr/local/bin/npm" "install"
304 error cwd /Users/ragnhild/git/Storytelling-FrontEnd
305 error node -v v0.10.36
306 error npm -v 1.4.28
307 error path /Users/ragnhild/.npm/gulp-util/2.2.20
308 error code EACCES
309 error errno 3
310 error stack Error: EACCES, mkdir '/Users/ragnhild/.npm/gulp-util/2.2.20'
311 verbose exit [ 3, true ]
